/*C12*/SET SCHEMA PUBLIC
drop table if exists films CASCADE 
drop table if exists users CASCADE 
drop table if exists users_films CASCADE 
create table films (id bigint generated by default as identity (start with 1), description varchar(200), duration integer, name varchar(255) not null, release_date date, primary key (id))
create table users (id bigint generated by default as identity (start with 1), birthday date, email varchar(255) not null, login varchar(255) not null, name varchar(255), primary key (id))
create table users_films (user_id bigint not null, film_id bigint not null)
alter table users add constraint UK_6dotkott2kjsp8vw4d0m25fb7 unique (email)
alter table users add constraint UK_ow0gan20590jrb00upg3va2fn unique (login)
alter table users_films add constraint FK3u8t9qi0jnwg8ygd5ana1ul8x foreign key (film_id) references films
alter table users_films add constraint FKo7lmlsc23128etpespqd2v933 foreign key (user_id) references users
drop table if exists films CASCADE 
drop table if exists users CASCADE 
drop table if exists users_films CASCADE 
DISCONNECT
/*C13*/SET SCHEMA PUBLIC
DISCONNECT
/*C14*/SET SCHEMA PUBLIC
DISCONNECT
/*C15*/SET SCHEMA PUBLIC
DISCONNECT
/*C16*/SET SCHEMA PUBLIC
DISCONNECT
/*C17*/SET SCHEMA PUBLIC
DISCONNECT
/*C18*/SET SCHEMA PUBLIC
DISCONNECT
/*C19*/SET SCHEMA PUBLIC
DISCONNECT
/*C20*/SET SCHEMA PUBLIC
DISCONNECT
/*C21*/SET SCHEMA PUBLIC
DISCONNECT
